# JRE version: OpenJDK Runtime Environment (17.0.6) (build 17.0.6+0-b2043.56-9586694)
# Java VM: OpenJDK 64-Bit Server VM (17.0.6+0-b2043.56-9586694, mixed mode, tiered, compressed oops, compressed class ptrs, g1 gc, windows-amd64)
GC Precious Log:
 CPUs: 4 total, 4 available
 Memory: 3930M
 Large Page Support: Disabled
 NUMA Support: Disabled
 Compressed Oops: Enabled (32-bit)
 Heap Region Size: 1M
 Heap Min Capacity: 8M
 Heap Initial Capacity: 62M
 Heap Max Capacity: 1536M
 Pre-touch: Disabled
 Parallel Workers: 4
 Concurrent Workers: 1
 Concurrent Refinement Workers: 4
 Periodic GC: Disabled
Heap:
 garbage-first heap   total 78848K, used 61255K [0x00000000a0000000, 0x0000000100000000)
  region size 1024K, 16 young (16384K), 2 survivors (2048K)
 Metaspace       used 66682K, committed 67136K, reserved 1114112K
  class space    used 8467K, committed 8640K, reserved 1048576K
GC Heap History (20 events):
Event: 24.779 GC heap before
{Heap before GC invocations=31 (full 0):
 garbage-first heap   total 75776K, used 55749K [0x00000000a0000000, 0x0000000100000000)
  region size 1024K, 16 young (16384K), 1 survivors (1024K)
 Metaspace       used 64627K, committed 65024K, reserved 1105920K
  class space    used 8369K, committed 8576K, reserved 1048576K
}
Event: 24.781 GC heap after
{Heap after GC invocations=32 (full 0):
 garbage-first heap   total 75776K, used 42131K [0x00000000a0000000, 0x0000000100000000)
  region size 1024K, 2 young (2048K), 2 survivors (2048K)
 Metaspace       used 64627K, committed 65024K, reserved 1105920K
  class space    used 8369K, committed 8576K, reserved 1048576K
}
Event: 25.935 GC heap before
{Heap before GC invocations=32 (full 0):
 garbage-first heap   total 75776K, used 60563K [0x00000000a0000000, 0x0000000100000000)
  region size 1024K, 21 young (21504K), 2 survivors (2048K)
 Metaspace       used 65002K, committed 65408K, reserved 1105920K
  class space    used 8388K, committed 8576K, reserved 1048576K
}
Event: 25.939 GC heap after
{Heap after GC invocations=33 (full 0):
 garbage-first heap   total 75776K, used 42427K [0x00000000a0000000, 0x0000000100000000)
  region size 1024K, 2 young (2048K), 2 survivors (2048K)
 Metaspace       used 65002K, committed 65408K, reserved 1105920K
  class space    used 8388K, committed 8576K, reserved 1048576K
}
Event: 28.459 GC heap before
{Heap before GC invocations=34 (full 0):
 garbage-first heap   total 75776K, used 62907K [0x00000000a0000000, 0x0000000100000000)
  region size 1024K, 22 young (22528K), 2 survivors (2048K)
 Metaspace       used 65240K, committed 65664K, reserved 1105920K
  class space    used 8390K, committed 8576K, reserved 1048576K
}
Event: 28.464 GC heap after
{Heap after GC invocations=35 (full 0):
 garbage-first heap   total 75776K, used 42829K [0x00000000a0000000, 0x0000000100000000)
  region size 1024K, 2 young (2048K), 2 survivors (2048K)
 Metaspace       used 65240K, committed 65664K, reserved 1105920K
  class space    used 8390K, committed 8576K, reserved 1048576K
}
Event: 31.071 GC heap before
{Heap before GC invocations=35 (full 0):
 garbage-first heap   total 75776K, used 62285K [0x00000000a0000000, 0x0000000100000000)
  region size 1024K, 22 young (22528K), 2 survivors (2048K)
 Metaspace       used 65394K, committed 65792K, reserved 1114112K
  class space    used 8390K, committed 8576K, reserved 1048576K
}
Event: 31.077 GC heap after
{Heap after GC invocations=36 (full 0):
 garbage-first heap   total 75776K, used 43290K [0x00000000a0000000, 0x0000000100000000)
  region size 1024K, 2 young (2048K), 2 survivors (2048K)
 Metaspace       used 65394K, committed 65792K, reserved 1114112K
  class space    used 8390K, committed 8576K, reserved 1048576K
}
Event: 33.489 GC heap before
{Heap before GC invocations=37 (full 0):
 garbage-first heap   total 78848K, used 62746K [0x00000000a0000000, 0x0000000100000000)
  region size 1024K, 22 young (22528K), 2 survivors (2048K)
 Metaspace       used 65592K, committed 65984K, reserved 1114112K
  class space    used 8390K, committed 8576K, reserved 1048576K
}
Event: 33.492 GC heap after
{Heap after GC invocations=38 (full 0):
 garbage-first heap   total 78848K, used 43328K [0x00000000a0000000, 0x0000000100000000)
  region size 1024K, 2 young (2048K), 2 survivors (2048K)
 Metaspace       used 65592K, committed 65984K, reserved 1114112K
  class space    used 8390K, committed 8576K, reserved 1048576K
}
Event: 36.687 GC heap before
{Heap before GC invocations=38 (full 0):
 garbage-first heap   total 78848K, used 65856K [0x00000000a0000000, 0x0000000100000000)
  region size 1024K, 25 young (25600K), 2 survivors (2048K)
 Metaspace       used 65784K, committed 66176K, reserved 1114112K
  class space    used 8407K, committed 8576K, reserved 1048576K
}
Event: 36.694 GC heap after
{Heap after GC invocations=39 (full 0):
 garbage-first heap   total 78848K, used 43620K [0x00000000a0000000, 0x0000000100000000)
  region size 1024K, 2 young (2048K), 2 survivors (2048K)
 Metaspace       used 65784K, committed 66176K, reserved 1114112K
  class space    used 8407K, committed 8576K, reserved 1048576K
}
Event: 39.019 GC heap before
{Heap before GC invocations=40 (full 0):
 garbage-first heap   total 78848K, used 67172K [0x00000000a0000000, 0x0000000100000000)
  region size 1024K, 25 young (25600K), 2 survivors (2048K)
 Metaspace       used 65876K, committed 66240K, reserved 1114112K
  class space    used 8407K, committed 8576K, reserved 1048576K
}
Event: 39.025 GC heap after
{Heap after GC invocations=41 (full 0):
 garbage-first heap   total 78848K, used 44305K [0x00000000a0000000, 0x0000000100000000)
  region size 1024K, 3 young (3072K), 3 survivors (3072K)
 Metaspace       used 65876K, committed 66240K, reserved 1114112K
  class space    used 8407K, committed 8576K, reserved 1048576K
}
Event: 48.544 GC heap before
{Heap before GC invocations=41 (full 0):
 garbage-first heap   total 78848K, used 65809K [0x00000000a0000000, 0x0000000100000000)
  region size 1024K, 25 young (25600K), 3 survivors (3072K)
 Metaspace       used 66276K, committed 66688K, reserved 1114112K
  class space    used 8459K, committed 8640K, reserved 1048576K
}
Event: 48.557 GC heap after
{Heap after GC invocations=42 (full 0):
 garbage-first heap   total 78848K, used 44593K [0x00000000a0000000, 0x0000000100000000)
  region size 1024K, 3 young (3072K), 3 survivors (3072K)
 Metaspace       used 66276K, committed 66688K, reserved 1114112K
  class space    used 8459K, committed 8640K, reserved 1048576K
}
Event: 55.839 GC heap before
{Heap before GC invocations=43 (full 0):
 garbage-first heap   total 78848K, used 66097K [0x00000000a0000000, 0x0000000100000000)
  region size 1024K, 24 young (24576K), 3 survivors (3072K)
 Metaspace       used 66339K, committed 66752K, reserved 1114112K
  class space    used 8459K, committed 8640K, reserved 1048576K
}
Event: 55.855 GC heap after
{Heap after GC invocations=44 (full 0):
 garbage-first heap   total 78848K, used 44737K [0x00000000a0000000, 0x0000000100000000)
  region size 1024K, 2 young (2048K), 2 survivors (2048K)
 Metaspace       used 66339K, committed 66752K, reserved 1114112K
  class space    used 8459K, committed 8640K, reserved 1048576K
}
Event: 67.950 GC heap before
{Heap before GC invocations=44 (full 0):
 garbage-first heap   total 78848K, used 63169K [0x00000000a0000000, 0x0000000100000000)
  region size 1024K, 21 young (21504K), 2 survivors (2048K)
 Metaspace       used 66527K, committed 66944K, reserved 1114112K
  class space    used 8463K, committed 8640K, reserved 1048576K
}
Event: 67.969 GC heap after
{Heap after GC invocations=45 (full 0):
 garbage-first heap   total 78848K, used 44871K [0x00000000a0000000, 0x0000000100000000)
  region size 1024K, 2 young (2048K), 2 survivors (2048K)
 Metaspace       used 66527K, committed 66944K, reserved 1114112K
  class space    used 8463K, committed 8640K, reserved 1048576K
}

